  Aircraft_Animation.cpp
C:\Users\Srivastchavan\Documents\AnimationAssignments\Assignment3\sxr190067Asg3\sxr190067Asg3\Aircraft_Animation.h(18,16): warning C4305: 'initializing': truncation from 'double' to 'float'
C:\Users\Srivastchavan\Documents\AnimationAssignments\Assignment3\sxr190067Asg3\sxr190067Asg3\Aircraft_Animation.h(19,16): warning C4305: 'initializing': truncation from 'double' to 'float'
C:\Users\Srivastchavan\Documents\AnimationAssignments\Assignment3\sxr190067Asg3\sxr190067Asg3\Aircraft_Animation.cpp(110,29): warning C4244: '=': conversion from 'double' to 'float', possible loss of data
  Renderer.cpp
C:\Users\Srivastchavan\Documents\AnimationAssignments\Assignment3\sxr190067Asg3\sxr190067Asg3\Shader.h(51,10): warning C4101: 'info_log': unreferenced local variable
C:\Users\Srivastchavan\Documents\AnimationAssignments\Assignment3\sxr190067Asg3\sxr190067Asg3\Object.h(79,1): warning C4267: 'initializing': conversion from 'size_t' to 'int', possible loss of data
C:\Users\Srivastchavan\Documents\AnimationAssignments\Assignment3\sxr190067Asg3\sxr190067Asg3\Object.h(173,1): warning C4305: 'argument': truncation from 'int' to 'T'
          with
          [
              T=float
          ]
C:\Users\Srivastchavan\Documents\AnimationAssignments\Assignment3\sxr190067Asg3\sxr190067Asg3\Aircraft_Animation.h(18,16): warning C4305: 'initializing': truncation from 'double' to 'float'
C:\Users\Srivastchavan\Documents\AnimationAssignments\Assignment3\sxr190067Asg3\sxr190067Asg3\Aircraft_Animation.h(19,16): warning C4305: 'initializing': truncation from 'double' to 'float'
C:\Users\Srivastchavan\Documents\AnimationAssignments\Assignment3\sxr190067Asg3\sxr190067Asg3\Renderer.cpp(323,24): warning C4244: 'initializing': conversion from 'double' to 'GLfloat', possible loss of data
C:\Users\Srivastchavan\Documents\AnimationAssignments\Assignment3\sxr190067Asg3\sxr190067Asg3\Renderer.cpp(371,60): warning C4267: 'argument': conversion from 'size_t' to 'GLsizei', possible loss of data
C:\Users\Srivastchavan\Documents\AnimationAssignments\Assignment3\sxr190067Asg3\sxr190067Asg3\Renderer.cpp(381,60): warning C4267: 'argument': conversion from 'size_t' to 'GLsizei', possible loss of data
C:\Users\Srivastchavan\Documents\AnimationAssignments\Assignment3\sxr190067Asg3\sxr190067Asg3\Renderer.cpp(386,60): warning C4267: 'argument': conversion from 'size_t' to 'GLsizei', possible loss of data
C:\Users\Srivastchavan\Documents\AnimationAssignments\Assignment3\sxr190067Asg3\sxr190067Asg3\Renderer.cpp(393,56): warning C4267: 'argument': conversion from 'size_t' to 'GLsizei', possible loss of data
  main.cpp
C:\Users\Srivastchavan\Documents\AnimationAssignments\Assignment3\sxr190067Asg3\sxr190067Asg3\Shader.h(51,10): warning C4101: 'info_log': unreferenced local variable
C:\Users\Srivastchavan\Documents\AnimationAssignments\Assignment3\sxr190067Asg3\sxr190067Asg3\Object.h(79,1): warning C4267: 'initializing': conversion from 'size_t' to 'int', possible loss of data
C:\Users\Srivastchavan\Documents\AnimationAssignments\Assignment3\sxr190067Asg3\sxr190067Asg3\Object.h(173,1): warning C4305: 'argument': truncation from 'int' to 'T'
          with
          [
              T=float
          ]
C:\Users\Srivastchavan\Documents\AnimationAssignments\Assignment3\sxr190067Asg3\sxr190067Asg3\Aircraft_Animation.h(18,16): warning C4305: 'initializing': truncation from 'double' to 'float'
C:\Users\Srivastchavan\Documents\AnimationAssignments\Assignment3\sxr190067Asg3\sxr190067Asg3\Aircraft_Animation.h(19,16): warning C4305: 'initializing': truncation from 'double' to 'float'
LINK : warning LNK4098: defaultlib 'LIBCMT' conflicts with use of other libs; use /NODEFAULTLIB:library
  Generating code
  2 of 1609 functions ( 0.1%) were compiled, the rest were copied from previous compilation.
    1 functions were new in current compilation
    2 functions had inline decision re-evaluated but remain unchanged
  Finished generating code
glew32s.lib(glew.obj) : warning LNK4099: PDB 'vc120.pdb' was not found with 'glew32s.lib(glew.obj)' or at 'C:\Users\Srivastchavan\Documents\AnimationAssignments\Assignment3\sxr190067Asg3\x64\Release\vc120.pdb'; linking object as if no debug info
  sxr190067Asg3.vcxproj -> C:\Users\Srivastchavan\Documents\AnimationAssignments\Assignment3\sxr190067Asg3\x64\Release\sxr190067Asg3.exe
